<?xml version="1.0" encoding="UTF-8"?>
<!-- Generated by org.testng.reporters.JUnitReportReporter -->
<testsuite skipped="0" hostname="EPCNSZXW0281" name="TestCase.PurchaseiMacs" tests="1" failures="0" timestamp="11 Aug 2017 15:25:59 GMT" time="0.010" errors="0">
  <testcase name="selectProduct" time="0.010" classname="TestCase.PurchaseiMacs"/>
</testsuite> <!-- TestCase.PurchaseiMacs -->
