<?xml version="1.0" encoding="UTF-8"?>
<!-- Generated by org.testng.reporters.JUnitReportReporter -->
<testsuite skipped="0" hostname="EPCNSZXW0281" name="GitHub.PageObjectWithInheritClass.TestCase" tests="1" failures="0" timestamp="04 Aug 2017 03:51:31 GMT" time="0.293" errors="0">
  <testcase name="testSteps" time="0.293" classname="GitHub.PageObjectWithInheritClass.TestCase"/>
</testsuite> <!-- GitHub.PageObjectWithInheritClass.TestCase -->
