<?xml version="1.0" encoding="UTF-8"?>
<!-- Generated by org.testng.reporters.JUnitReportReporter -->
<testsuite skipped="0" hostname="EPCNSZXW0281" name="GitHub.PageObjectWithInnerClass.TestCase" tests="1" failures="0" timestamp="04 Aug 2017 06:25:32 GMT" time="0.239" errors="0">
  <testcase name="testSteps" time="0.239" classname="GitHub.PageObjectWithInnerClass.TestCase"/>
</testsuite> <!-- GitHub.PageObjectWithInnerClass.TestCase -->
