<?xml version="1.0" encoding="UTF-8"?>
<!-- Generated by org.testng.reporters.JUnitReportReporter -->
<testsuite skipped="0" hostname="EPCNSZXW0281" name="GitHub.PageFactoryWithInheritClass.Page.TestCase" tests="1" failures="0" timestamp="07 Aug 2017 10:34:07 GMT" time="0.005" errors="0">
  <testcase name="testcase" time="0.005" classname="GitHub.PageFactoryWithInheritClass.Page.TestCase"/>
</testsuite> <!-- GitHub.PageFactoryWithInheritClass.Page.TestCase -->
